[debug] [2021-11-17T04:58:41.870Z] ----------------------------------------------------------------------
[debug] [2021-11-17T04:58:41.877Z] Command:       C:\Program Files\nodejs\node.exe C:\Users\pranj\AppData\Roaming\npm\node_modules\firebase-tools\lib\bin\firebase.js init
[debug] [2021-11-17T04:58:41.878Z] CLI Version:   9.21.0
[debug] [2021-11-17T04:58:41.878Z] Platform:      win32
[debug] [2021-11-17T04:58:41.878Z] Node Version:  v14.17.5
[debug] [2021-11-17T04:58:41.880Z] Time:          Tue Nov 16 2021 22:58:41 GMT-0600 (Central Standard Time)
[debug] [2021-11-17T04:58:41.881Z] ----------------------------------------------------------------------
[debug] 
[debug] [2021-11-17T04:58:42.121Z] > command requires scopes: ["email","openid","https://www.googleapis.com/auth/cloudplatformprojects.readonly","https://www.googleapis.com/auth/firebase","https://www.googleapis.com/auth/cloud-platform"]
[debug] [2021-11-17T04:58:42.122Z] > authorizing via signed-in user (pb3731@truman.edu)
[info] 
     ######## #### ########  ######## ########     ###     ######  ########
     ##        ##  ##     ## ##       ##     ##  ##   ##  ##       ##
     ######    ##  ########  ######   ########  #########  ######  ######
     ##        ##  ##    ##  ##       ##     ## ##     ##       ## ##
     ##       #### ##     ## ######## ########  ##     ##  ######  ########

You're about to initialize a Firebase project in this directory:

  C:\Users\pranj\buyon\buyon

Before we get started, keep in mind:

  * You are initializing within an existing Firebase project directory

[info] 
=== Project Setup
[info] 
[info] First, let's associate this project directory with a Firebase project.
[info] You can create multiple project aliases by running firebase use --add, 
[info] but for now we'll just set up a default project.
[info] 
[info] i  .firebaserc already has a default project, using buyon-1a7fd. 
[debug] [2021-11-17T04:58:54.006Z] > refreshing access token with scopes: []
[debug] [2021-11-17T04:58:54.007Z] >>> HTTP REQUEST POST https://www.googleapis.com/oauth2/v3/token  
 <request body omitted>
[debug] [2021-11-17T04:58:54.340Z] <<< HTTP RESPONSE 200 {"pragma":"no-cache","expires":"Mon, 01 Jan 1990 00:00:00 GMT","cache-control":"no-cache, no-store, max-age=0, must-revalidate","date":"Wed, 17 Nov 2021 04:58:54 GMT","content-type":"application/json; charset=utf-8","vary":"X-Origin, Referer, Origin,Accept-Encoding","server":"scaffolding on HTTPServer2","x-xss-protection":"0","x-frame-options":"SAMEORIGIN","x-content-type-options":"nosniff","alt-svc":"h3=\":443\"; ma=2592000,h3-29=\":443\"; ma=2592000,h3-Q050=\":443\"; ma=2592000,h3-Q046=\":443\"; ma=2592000,h3-Q043=\":443\"; ma=2592000,quic=\":443\"; ma=2592000; v=\"46,43\"","accept-ranges":"none","transfer-encoding":"chunked"}
[debug] [2021-11-17T04:58:54.364Z] >>> [apiv2][query] GET https://firebase.googleapis.com/v1beta1/projects/buyon-1a7fd [none]
[debug] [2021-11-17T04:58:54.704Z] <<< [apiv2][status] GET https://firebase.googleapis.com/v1beta1/projects/buyon-1a7fd 200
[debug] [2021-11-17T04:58:54.704Z] <<< [apiv2][body] GET https://firebase.googleapis.com/v1beta1/projects/buyon-1a7fd {"projectId":"buyon-1a7fd","projectNumber":"974146637433","displayName":"buyon","name":"projects/buyon-1a7fd","resources":{"hostingSite":"buyon-1a7fd","storageBucket":"buyon-1a7fd.appspot.com","locationId":"us-central"},"state":"ACTIVE"}
[info] 
=== Hosting Setup
[info] 
[info] Your public directory is the folder (relative to your project directory) that
[info] will contain Hosting assets to be uploaded with firebase deploy. If you
[info] have a build process for your assets, use your build's output directory.
[info] 
[debug] [2021-11-17T04:59:05.101Z] >>> [apiv2][query] GET https://www.gstatic.com/firebasejs/releases.json [none]
[debug] [2021-11-17T04:59:05.308Z] <<< [apiv2][status] GET https://www.gstatic.com/firebasejs/releases.json 200
[debug] [2021-11-17T04:59:05.308Z] <<< [apiv2][body] GET https://www.gstatic.com/firebasejs/releases.json {"current":{"version":"9.4.1","browserURL":"https://www.gstatic.com/firebasejs/9.4.1/firebase.js","packageURL":"https://www.gstatic.com/firebasejs/9.4.1/firebase.tgz"},"live":{"version":"9.4","browserURL":"https://www.gstatic.com/firebasejs/live/9.4/firebase.js","packageURL":"https://www.gstatic.com/firebasejs/live/9.4/firebase.tgz"},"components":{"analytics":"https://www.gstatic.com/firebasejs/9.4.1/firebase-analytics.js","app":"https://www.gstatic.com/firebasejs/9.4.1/firebase-app.js","app-check":"https://www.gstatic.com/firebasejs/9.4.1/firebase-app-check.js","auth":"https://www.gstatic.com/firebasejs/9.4.1/firebase-auth.js","auth/cordova":"https://www.gstatic.com/firebasejs/9.4.1/firebase-auth/cordova.js","auth/react-native":"https://www.gstatic.com/firebasejs/9.4.1/firebase-auth/react-native.js","functions":"https://www.gstatic.com/firebasejs/9.4.1/firebase-functions.js","firestore":"https://www.gstatic.com/firebasejs/9.4.1/firebase-firestore.js","firestore/lite":"https://www.gstatic.com/firebasejs/9.4.1/firebase-firestore/lite.js","storage":"https://www.gstatic.com/firebasejs/9.4.1/firebase-storage.js","performance":"https://www.gstatic.com/firebasejs/9.4.1/firebase-performance.js","remote-config":"https://www.gstatic.com/firebasejs/9.4.1/firebase-remote-config.js","messaging":"https://www.gstatic.com/firebasejs/9.4.1/firebase-messaging.js","messaging/sw":"https://www.gstatic.com/firebasejs/9.4.1/firebase-messaging/sw.js","database":"https://www.gstatic.com/firebasejs/9.4.1/firebase-database.js","firestore.memory":"https://www.gstatic.com/firebasejs/9.4.1/firebase-firestore.memory.js"}}
[info] +  Wrote build/index.html 
[info] 
[info] i  Didn't detect a .git folder. Assuming C:\Users\pranj\buyon\buyon is the project root. 
[info] i  Authorizing with GitHub to upload your service account to a GitHub repository's secrets store. 
[info] 
[info] Visit this URL on this device to log in:
[info] https://github.com/login/oauth/authorize?client_id=89cf50f02ac6aaed3484&state=249837512&redirect_uri=http%3A%2F%2Flocalhost%3A9005&scope=read%3Auser%20repo%20public_repo
[info] 
[info] Waiting for authentication...
[debug] [2021-11-17T04:59:09.768Z] >>> HTTP REQUEST POST https://github.com/login/oauth/access_token  
 {"client_id":"89cf50f02ac6aaed3484","client_secret":"3330d14abc895d9a74d5f17cd7a00711fa2c5bf0","code":"ef71affe475bee4d39a0","redirect_uri":"http://localhost:9005","state":"249837512"}
[debug] [2021-11-17T04:59:10.134Z] <<< HTTP RESPONSE 200 {"server":"GitHub.com","date":"Wed, 17 Nov 2021 04:59:10 GMT","content-type":"application/json; charset=utf-8","transfer-encoding":"chunked","vary":"X-PJAX, X-PJAX-Container, Accept-Encoding, Accept, X-Requested-With","permissions-policy":"interest-cohort=()","etag":"W/\"3991caca5d417911715d2eb76b743780\"","cache-control":"max-age=0, private, must-revalidate","strict-transport-security":"max-age=31536000; includeSubdomains; preload","x-frame-options":"deny","x-content-type-options":"nosniff","x-xss-protection":"0","referrer-policy":"origin-when-cross-origin, strict-origin-when-cross-origin","expect-ct":"max-age=2592000, report-uri=\"https://api.github.com/_private/browser/errors\"","content-security-policy":"default-src 'none'; base-uri 'self'; block-all-mixed-content; child-src github.com/assets-cdn/worker/ gist.github.com/assets-cdn/worker/; connect-src 'self' uploads.github.com objects-origin.githubusercontent.com www.githubstatus.com collector.githubapp.com api.github.com github-cloud.s3.amazonaws.com github-production-repository-file-5c1aeb.s3.amazonaws.com github-production-upload-manifest-file-7fdce7.s3.amazonaws.com github-production-user-asset-6210df.s3.amazonaws.com cdn.optimizely.com logx.optimizely.com/v1/events translator.github.com wss://alive.github.com; font-src github.githubassets.com; form-action 'self' github.com gist.github.com objects-origin.githubusercontent.com; frame-ancestors 'none'; frame-src render.githubusercontent.com viewscreen.githubusercontent.com notebooks.githubusercontent.com; img-src 'self' data: github.githubassets.com identicons.github.com collector.githubapp.com github-cloud.s3.amazonaws.com secured-user-images.githubusercontent.com/ *.githubusercontent.com; manifest-src 'self'; media-src github.com user-images.githubusercontent.com/; script-src github.githubassets.com; style-src 'unsafe-inline' github.githubassets.com; worker-src github.com/assets-cdn/worker/ gist.github.com/assets-cdn/worker/","x-github-request-id":"F9D8:7B3B:2E7E37F:4D18CCB:61948C1E"}
[debug] [2021-11-17T04:59:10.141Z] >>> [apiv2][query] GET https://api.github.com/user [none]
[debug] [2021-11-17T04:59:10.530Z] <<< [apiv2][status] GET https://api.github.com/user 200
[debug] [2021-11-17T04:59:10.530Z] <<< [apiv2][body] GET https://api.github.com/user {"login":"pranjalbasnet","id":33705708,"node_id":"MDQ6VXNlcjMzNzA1NzA4","avatar_url":"https://avatars.githubusercontent.com/u/33705708?v=4","gravatar_id":"","url":"https://api.github.com/users/pranjalbasnet","html_url":"https://github.com/pranjalbasnet","followers_url":"https://api.github.com/users/pranjalbasnet/followers","following_url":"https://api.github.com/users/pranjalbasnet/following{/other_user}","gists_url":"https://api.github.com/users/pranjalbasnet/gists{/gist_id}","starred_url":"https://api.github.com/users/pranjalbasnet/starred{/owner}{/repo}","subscriptions_url":"https://api.github.com/users/pranjalbasnet/subscriptions","organizations_url":"https://api.github.com/users/pranjalbasnet/orgs","repos_url":"https://api.github.com/users/pranjalbasnet/repos","events_url":"https://api.github.com/users/pranjalbasnet/events{/privacy}","received_events_url":"https://api.github.com/users/pranjalbasnet/received_events","type":"User","site_admin":false,"name":"Pranjal Basnet","company":null,"blog":"","location":null,"email":null,"hireable":true,"bio":null,"twitter_username":null,"public_repos":6,"public_gists":0,"followers":2,"following":8,"created_at":"2017-11-16T00:11:36Z","updated_at":"2021-10-19T01:46:30Z","private_gists":0,"total_private_repos":0,"owned_private_repos":0,"disk_usage":582,"collaborators":0,"two_factor_authentication":false,"plan":{"name":"free","space":976562499,"collaborators":0,"private_repos":10000}}
[info] 
[info] +  Success! Logged into GitHub as pranjalbasnet 
[info] 
[debug] [2021-11-17T05:00:28.496Z] >>> [apiv2][query] GET https://api.github.com/repos/https://github.com/pranjalbasnet/E-Commerce-Website.git/actions/secrets/public-key type=owner
[debug] [2021-11-17T05:00:28.837Z] <<< [apiv2][status] GET https://api.github.com/repos/https://github.com/pranjalbasnet/E-Commerce-Website.git/actions/secrets/public-key 404
[debug] [2021-11-17T05:00:28.837Z] <<< [apiv2][body] GET https://api.github.com/repos/https://github.com/pranjalbasnet/E-Commerce-Website.git/actions/secrets/public-key {"message":"Not Found","documentation_url":"https://docs.github.com/rest"}
[debug] [2021-11-17T05:00:41.390Z] >>> [apiv2][query] GET https://api.github.com/repos/pranjalbasnet/E-Commerce-Website.git/actions/secrets/public-key type=owner
[debug] [2021-11-17T05:00:41.725Z] <<< [apiv2][status] GET https://api.github.com/repos/pranjalbasnet/E-Commerce-Website.git/actions/secrets/public-key 404
[debug] [2021-11-17T05:00:41.725Z] <<< [apiv2][body] GET https://api.github.com/repos/pranjalbasnet/E-Commerce-Website.git/actions/secrets/public-key {"message":"Not Found","documentation_url":"https://docs.github.com/rest/reference/actions#get-a-repository-public-key"}
[debug] [2021-11-17T05:01:02.129Z] >>> [apiv2][query] GET https://api.github.com/repos/pranjalbasnet/E-commerceWebsite/actions/secrets/public-key type=owner
[debug] [2021-11-17T05:01:02.417Z] <<< [apiv2][status] GET https://api.github.com/repos/pranjalbasnet/E-commerceWebsite/actions/secrets/public-key 404
[debug] [2021-11-17T05:01:02.417Z] <<< [apiv2][body] GET https://api.github.com/repos/pranjalbasnet/E-commerceWebsite/actions/secrets/public-key {"message":"Not Found","documentation_url":"https://docs.github.com/rest/reference/actions#get-a-repository-public-key"}
[debug] [2021-11-17T05:01:18.132Z] >>> [apiv2][query] GET https://api.github.com/repos/pranjalbasnet/buyon/actions/secrets/public-key type=owner
[debug] [2021-11-17T05:01:18.438Z] <<< [apiv2][status] GET https://api.github.com/repos/pranjalbasnet/buyon/actions/secrets/public-key 404
[debug] [2021-11-17T05:01:18.438Z] <<< [apiv2][body] GET https://api.github.com/repos/pranjalbasnet/buyon/actions/secrets/public-key {"message":"Not Found","documentation_url":"https://docs.github.com/rest/reference/actions#get-a-repository-public-key"}
