[debug] [2021-10-26T04:07:45.633Z] ----------------------------------------------------------------------
[debug] [2021-10-26T04:07:45.636Z] Command:       C:\Program Files\nodejs\node.exe C:\Users\pranj\AppData\Roaming\npm\node_modules\firebase-tools\lib\bin\firebase.js deploy --only functions
[debug] [2021-10-26T04:07:45.636Z] CLI Version:   9.21.0
[debug] [2021-10-26T04:07:45.637Z] Platform:      win32
[debug] [2021-10-26T04:07:45.637Z] Node Version:  v14.17.5
[debug] [2021-10-26T04:07:45.638Z] Time:          Mon Oct 25 2021 23:07:45 GMT-0500 (Central Daylight Time)
[debug] [2021-10-26T04:07:45.638Z] ----------------------------------------------------------------------
[debug] 
[debug] [2021-10-26T04:07:45.708Z] > command requires scopes: ["email","openid","https://www.googleapis.com/auth/cloudplatformprojects.readonly","https://www.googleapis.com/auth/firebase","https://www.googleapis.com/auth/cloud-platform"]
[debug] [2021-10-26T04:07:45.708Z] > authorizing via signed-in user (pb3731@truman.edu)
[debug] [2021-10-26T04:07:45.709Z] [iam] checking project buyon-1a7fd for permissions ["cloudfunctions.functions.create","cloudfunctions.functions.delete","cloudfunctions.functions.get","cloudfunctions.functions.list","cloudfunctions.functions.update","cloudfunctions.operations.get","firebase.projects.get"]
[debug] [2021-10-26T04:07:45.712Z] > refreshing access token with scopes: ["email","https://www.googleapis.com/auth/cloud-platform","https://www.googleapis.com/auth/cloudplatformprojects.readonly","https://www.googleapis.com/auth/firebase","openid"]
[debug] [2021-10-26T04:07:45.713Z] >>> HTTP REQUEST POST https://www.googleapis.com/oauth2/v3/token  
 <request body omitted>
[debug] [2021-10-26T04:07:45.942Z] <<< HTTP RESPONSE 200 {"date":"Tue, 26 Oct 2021 04:07:47 GMT","cache-control":"no-cache, no-store, max-age=0, must-revalidate","pragma":"no-cache","expires":"Mon, 01 Jan 1990 00:00:00 GMT","content-type":"application/json; charset=utf-8","vary":"X-Origin, Referer, Origin,Accept-Encoding","server":"scaffolding on HTTPServer2","x-xss-protection":"0","x-frame-options":"SAMEORIGIN","x-content-type-options":"nosniff","alt-svc":"h3=\":443\"; ma=2592000,h3-29=\":443\"; ma=2592000,h3-Q050=\":443\"; ma=2592000,h3-Q046=\":443\"; ma=2592000,h3-Q043=\":443\"; ma=2592000","accept-ranges":"none","transfer-encoding":"chunked"}
[debug] [2021-10-26T04:07:45.973Z] >>> HTTP REQUEST POST https://cloudresourcemanager.googleapis.com/v1/projects/buyon-1a7fd:testIamPermissions  
 {"permissions":["cloudfunctions.functions.create","cloudfunctions.functions.delete","cloudfunctions.functions.get","cloudfunctions.functions.list","cloudfunctions.functions.update","cloudfunctions.operations.get","firebase.projects.get"]}
[debug] [2021-10-26T04:07:46.277Z] <<< HTTP RESPONSE 200 {"content-type":"application/json; charset=UTF-8","vary":"X-Origin, Referer, Origin,Accept-Encoding","date":"Tue, 26 Oct 2021 04:07:47 GMT","server":"ESF","cache-control":"private","x-xss-protection":"0","x-frame-options":"SAMEORIGIN","x-content-type-options":"nosniff","server-timing":"gfet4t7; dur=74","alt-svc":"h3=\":443\"; ma=2592000,h3-29=\":443\"; ma=2592000,h3-Q050=\":443\"; ma=2592000,h3-Q046=\":443\"; ma=2592000,h3-Q043=\":443\"; ma=2592000","accept-ranges":"none","transfer-encoding":"chunked"}
[debug] [2021-10-26T04:07:46.280Z] >>> HTTP REQUEST POST https://iam.googleapis.com/v1/projects/buyon-1a7fd/serviceAccounts/buyon-1a7fd@appspot.gserviceaccount.com:testIamPermissions  
 {"permissions":["iam.serviceAccounts.actAs"]}
[debug] [2021-10-26T04:07:46.562Z] <<< HTTP RESPONSE 200 {"content-type":"application/json; charset=UTF-8","vary":"X-Origin, Referer, Origin,Accept-Encoding","date":"Tue, 26 Oct 2021 04:07:48 GMT","server":"ESF","cache-control":"private","x-xss-protection":"0","x-frame-options":"SAMEORIGIN","x-content-type-options":"nosniff","alt-svc":"h3=\":443\"; ma=2592000,h3-29=\":443\"; ma=2592000,h3-Q050=\":443\"; ma=2592000,h3-Q046=\":443\"; ma=2592000,h3-Q043=\":443\"; ma=2592000","accept-ranges":"none","transfer-encoding":"chunked"}
[info] 
[info] === Deploying to 'buyon-1a7fd'...
[info] 
[info] i  deploying functions 
[info] Running command: npm --prefix "%RESOURCE_DIR%" run lint
[info] +  functions: Finished running predeploy script. 
[debug] [2021-10-26T04:07:50.435Z] Validating nodejs source
[debug] [2021-10-26T04:07:55.120Z] > [functions] package.json contents: {
  "name": "functions",
  "description": "Cloud Functions for Firebase",
  "scripts": {
    "lint": "eslint .",
    "serve": "firebase emulators:start --only functions",
    "shell": "firebase functions:shell",
    "start": "npm run shell",
    "deploy": "firebase deploy --only functions",
    "logs": "firebase functions:log"
  },
  "engines": {
    "node": "14"
  },
  "main": "index.js",
  "dependencies": {
    "cors": "^2.8.5",
    "express": "^4.17.1",
    "firebase-admin": "^9.8.0",
    "firebase-functions": "^3.14.1",
    "stripe": "^8.184.0"
  },
  "devDependencies": {
    "eslint": "^7.6.0",
    "eslint-config-google": "^0.14.0",
    "eslint-plugin-promise": "^5.1.1",
    "firebase-functions-test": "^0.2.0"
  },
  "private": true
}
[debug] [2021-10-26T04:07:55.121Z] Building nodejs source
[info] i  functions: ensuring required API cloudfunctions.googleapis.com is enabled... 
[info] i  functions: ensuring required API cloudbuild.googleapis.com is enabled... 
[debug] [2021-10-26T04:07:55.123Z] >>> HTTP REQUEST GET https://serviceusage.googleapis.com/v1/projects/buyon-1a7fd/services/cloudfunctions.googleapis.com  
 
[debug] [2021-10-26T04:07:55.124Z] >>> HTTP REQUEST GET https://serviceusage.googleapis.com/v1/projects/buyon-1a7fd/services/runtimeconfig.googleapis.com  
 
[debug] [2021-10-26T04:07:55.124Z] >>> HTTP REQUEST GET https://serviceusage.googleapis.com/v1/projects/buyon-1a7fd/services/cloudbuild.googleapis.com  
 
[debug] [2021-10-26T04:07:55.468Z] <<< HTTP RESPONSE 200 {"content-type":"application/json; charset=UTF-8","vary":"X-Origin, Referer, Origin,Accept-Encoding","date":"Tue, 26 Oct 2021 04:07:56 GMT","server":"ESF","cache-control":"private","x-xss-protection":"0","x-frame-options":"SAMEORIGIN","x-content-type-options":"nosniff","alt-svc":"h3=\":443\"; ma=2592000,h3-29=\":443\"; ma=2592000,h3-Q050=\":443\"; ma=2592000,h3-Q046=\":443\"; ma=2592000,h3-Q043=\":443\"; ma=2592000","accept-ranges":"none","transfer-encoding":"chunked"}
[debug] [2021-10-26T04:07:55.537Z] <<< HTTP RESPONSE 200 {"content-type":"application/json; charset=UTF-8","vary":"X-Origin, Referer, Origin,Accept-Encoding","date":"Tue, 26 Oct 2021 04:07:56 GMT","server":"ESF","cache-control":"private","x-xss-protection":"0","x-frame-options":"SAMEORIGIN","x-content-type-options":"nosniff","alt-svc":"h3=\":443\"; ma=2592000,h3-29=\":443\"; ma=2592000,h3-Q050=\":443\"; ma=2592000,h3-Q046=\":443\"; ma=2592000,h3-Q043=\":443\"; ma=2592000","accept-ranges":"none","transfer-encoding":"chunked"}
[info] +  functions: required API cloudbuild.googleapis.com is enabled 
[debug] [2021-10-26T04:07:55.548Z] <<< HTTP RESPONSE 200 {"content-type":"application/json; charset=UTF-8","vary":"X-Origin, Referer, Origin,Accept-Encoding","date":"Tue, 26 Oct 2021 04:07:56 GMT","server":"ESF","cache-control":"private","x-xss-protection":"0","x-frame-options":"SAMEORIGIN","x-content-type-options":"nosniff","alt-svc":"h3=\":443\"; ma=2592000,h3-29=\":443\"; ma=2592000,h3-Q050=\":443\"; ma=2592000,h3-Q046=\":443\"; ma=2592000,h3-Q043=\":443\"; ma=2592000","accept-ranges":"none","transfer-encoding":"chunked"}
[info] +  functions: required API cloudfunctions.googleapis.com is enabled 
[debug] [2021-10-26T04:07:55.551Z] >>> HTTP REQUEST GET https://firebase.googleapis.com/v1beta1/projects/buyon-1a7fd/adminSdkConfig  
 
[debug] [2021-10-26T04:07:55.892Z] <<< HTTP RESPONSE 200 {"content-type":"application/json; charset=UTF-8","vary":"X-Origin, Referer, Origin,Accept-Encoding","date":"Tue, 26 Oct 2021 04:07:57 GMT","server":"ESF","cache-control":"private","x-xss-protection":"0","x-frame-options":"SAMEORIGIN","x-content-type-options":"nosniff","alt-svc":"h3=\":443\"; ma=2592000,h3-29=\":443\"; ma=2592000,h3-Q050=\":443\"; ma=2592000,h3-Q046=\":443\"; ma=2592000,h3-Q043=\":443\"; ma=2592000","accept-ranges":"none","transfer-encoding":"chunked"}
[debug] [2021-10-26T04:07:55.895Z] >>> HTTP REQUEST GET https://runtimeconfig.googleapis.com/v1beta1/projects/buyon-1a7fd/configs  
 
[debug] [2021-10-26T04:07:56.267Z] <<< HTTP RESPONSE 200 {"content-type":"application/json; charset=UTF-8","vary":"X-Origin, Referer, Origin,Accept-Encoding","date":"Tue, 26 Oct 2021 04:07:57 GMT","server":"ESF","cache-control":"private","x-xss-protection":"0","x-frame-options":"SAMEORIGIN","x-content-type-options":"nosniff","alt-svc":"h3=\":443\"; ma=2592000,h3-29=\":443\"; ma=2592000,h3-Q050=\":443\"; ma=2592000,h3-Q046=\":443\"; ma=2592000,h3-Q043=\":443\"; ma=2592000","accept-ranges":"none","transfer-encoding":"chunked"}
[debug] [2021-10-26T04:07:56.475Z] Analyzing nodejs backend spec
[info] i  functions: preparing functions directory for uploading... 
[info] i  functions: packaged functions (37.37 KB) for uploading 
[debug] [2021-10-26T04:07:56.988Z] >>> HTTP REQUEST GET https://cloudfunctions.googleapis.com/v1/projects/buyon-1a7fd/locations/-/functions  
 
[debug] [2021-10-26T04:07:57.487Z] <<< HTTP RESPONSE 200 {"content-type":"application/json; charset=UTF-8","vary":"X-Origin, Referer, Origin,Accept-Encoding","date":"Tue, 26 Oct 2021 04:07:58 GMT","server":"ESF","cache-control":"private","x-xss-protection":"0","x-frame-options":"SAMEORIGIN","x-content-type-options":"nosniff","alt-svc":"h3=\":443\"; ma=2592000,h3-29=\":443\"; ma=2592000,h3-Q050=\":443\"; ma=2592000,h3-Q046=\":443\"; ma=2592000,h3-Q043=\":443\"; ma=2592000","accept-ranges":"none","transfer-encoding":"chunked"}
[debug] [2021-10-26T04:07:57.495Z] >>> HTTP REQUEST POST https://cloudfunctions.googleapis.com/v1/projects/buyon-1a7fd/locations/us-central1/functions:generateUploadUrl  
 
[debug] [2021-10-26T04:07:57.992Z] <<< HTTP RESPONSE 200 {"content-type":"application/json; charset=UTF-8","vary":"X-Origin, Referer, Origin,Accept-Encoding","date":"Tue, 26 Oct 2021 04:07:59 GMT","server":"ESF","cache-control":"private","x-xss-protection":"0","x-frame-options":"SAMEORIGIN","x-content-type-options":"nosniff","alt-svc":"h3=\":443\"; ma=2592000,h3-29=\":443\"; ma=2592000,h3-Q050=\":443\"; ma=2592000,h3-Q046=\":443\"; ma=2592000,h3-Q043=\":443\"; ma=2592000","accept-ranges":"none","transfer-encoding":"chunked"}
[debug] [2021-10-26T04:07:57.996Z] >>> HTTP REQUEST PUT https://storage.googleapis.com/gcf-upload-us-central1-ce168b18-beea-4573-8550-5c3be65624dd/536d0196-b86a-4255-984f-35f29e6f8817.zip?GoogleAccessId=service-974146637433@gcf-admin-robot.iam.gserviceaccount.com&Expires=1635223079&Signature=kdSk7DXlzE%2Beyouicg0zXCF4AA%2FDKSFFWXQTSR%2BY26VfUjqAhjO46MyJqirVJecrxefxMM%2Frtb%2Bih8CDCNqSRACybdWAdEuKzU84iZXKs4WlKp90JWCTAXpgPTVLMwgtEVKaIFfc7XhH3LWmu4PlCvXGZ8TCEPZDuUK6v0Nidg6eDsDTnLivJ2%2FECYPWJr2l4vDDBRm5i5oQgQhiIQhMTtY0Pi5B4siE7jbAbUSN1IcmIOYNst7BW4lXP61VNmiZzeNLav%2BM%2FNF3VMXVFlVVV0lQRWznC1XLyOVf4Hie3vrSwmBqAn8n%2BOmuRKo734AFul4%2FZNouSzmF6ltL8WWpgw%3D%3D  
 <request body omitted>
[debug] [2021-10-26T04:07:58.324Z] <<< HTTP RESPONSE 200 {"x-guploader-uploadid":"ADPycdsmLF5EujlW7ohCECKh2Zv0e7KOqK_XHiq7FQE7g1dRdhOG-xpmlVQcKLnSRDNiuUHGarzU9ftMhb6DT54DgWEVNJUwsg","etag":"\"23c14d5053d79c4c3e386e54c1d99cb5\"","x-goog-generation":"1635221279825496","x-goog-metageneration":"1","x-goog-hash":"crc32c=tx+heQ==, md5=I8FNUFPXnEw+OG5UwdmctQ==","x-goog-stored-content-length":"38263","x-goog-stored-content-encoding":"identity","vary":"Origin","content-length":"0","date":"Tue, 26 Oct 2021 04:07:59 GMT","server":"UploadServer","content-type":"text/html; charset=UTF-8","alt-svc":"h3=\":443\"; ma=2592000,h3-29=\":443\"; ma=2592000,h3-Q050=\":443\"; ma=2592000,h3-Q046=\":443\"; ma=2592000,h3-Q043=\":443\"; ma=2592000,quic=\":443\"; ma=2592000; v=\"46,43\""}
[info] +  functions: functions folder uploaded successfully 
[info] i  functions: updating Node.js 14 function api(us-central1)... 
[debug] [2021-10-26T04:07:58.346Z] >>> HTTP REQUEST PATCH https://cloudfunctions.googleapis.com/v1/projects/buyon-1a7fd/locations/us-central1/functions/api {"updateMask":"name,sourceUploadUrl,entryPoint,runtime,labels,httpsTrigger,availableMemoryMb,environmentVariables,sourceToken"} 
 {"name":"projects/buyon-1a7fd/locations/us-central1/functions/api","sourceUploadUrl":"https://storage.googleapis.com/gcf-upload-us-central1-ce168b18-beea-4573-8550-5c3be65624dd/536d0196-b86a-4255-984f-35f29e6f8817.zip?GoogleAccessId=service-974146637433@gcf-admin-robot.iam.gserviceaccount.com&Expires=1635223079&Signature=kdSk7DXlzE%2Beyouicg0zXCF4AA%2FDKSFFWXQTSR%2BY26VfUjqAhjO46MyJqirVJecrxefxMM%2Frtb%2Bih8CDCNqSRACybdWAdEuKzU84iZXKs4WlKp90JWCTAXpgPTVLMwgtEVKaIFfc7XhH3LWmu4PlCvXGZ8TCEPZDuUK6v0Nidg6eDsDTnLivJ2%2FECYPWJr2l4vDDBRm5i5oQgQhiIQhMTtY0Pi5B4siE7jbAbUSN1IcmIOYNst7BW4lXP61VNmiZzeNLav%2BM%2FNF3VMXVFlVVV0lQRWznC1XLyOVf4Hie3vrSwmBqAn8n%2BOmuRKo734AFul4%2FZNouSzmF6ltL8WWpgw%3D%3D","entryPoint":"api","runtime":"nodejs14","labels":{"deployment-tool":"cli-firebase"},"httpsTrigger":{},"availableMemoryMb":256,"environmentVariables":{"FIREBASE_CONFIG":"{\"projectId\":\"buyon-1a7fd\",\"storageBucket\":\"buyon-1a7fd.appspot.com\",\"locationId\":\"us-central\"}","GCLOUD_PROJECT":"buyon-1a7fd"}}
[debug] [2021-10-26T04:07:58.919Z] <<< HTTP RESPONSE 200 {"content-type":"application/json; charset=UTF-8","vary":"X-Origin, Referer, Origin,Accept-Encoding","date":"Tue, 26 Oct 2021 04:08:00 GMT","server":"ESF","cache-control":"private","x-xss-protection":"0","x-frame-options":"SAMEORIGIN","x-content-type-options":"nosniff","alt-svc":"h3=\":443\"; ma=2592000,h3-29=\":443\"; ma=2592000,h3-Q050=\":443\"; ma=2592000,h3-Q046=\":443\"; ma=2592000,h3-Q043=\":443\"; ma=2592000","accept-ranges":"none","transfer-encoding":"chunked"}
[debug] [2021-10-26T04:07:58.924Z] > refreshing access token with scopes: []
[debug] [2021-10-26T04:07:58.925Z] >>> HTTP REQUEST POST https://www.googleapis.com/oauth2/v3/token  
 <request body omitted>
[debug] [2021-10-26T04:07:59.115Z] <<< HTTP RESPONSE 200 {"expires":"Mon, 01 Jan 1990 00:00:00 GMT","date":"Tue, 26 Oct 2021 04:08:00 GMT","cache-control":"no-cache, no-store, max-age=0, must-revalidate","pragma":"no-cache","content-type":"application/json; charset=utf-8","vary":"X-Origin, Referer, Origin,Accept-Encoding","server":"scaffolding on HTTPServer2","x-xss-protection":"0","x-frame-options":"SAMEORIGIN","x-content-type-options":"nosniff","alt-svc":"h3=\":443\"; ma=2592000,h3-29=\":443\"; ma=2592000,h3-Q050=\":443\"; ma=2592000,h3-Q046=\":443\"; ma=2592000,h3-Q043=\":443\"; ma=2592000","accept-ranges":"none","transfer-encoding":"chunked"}
[debug] [2021-10-26T04:07:59.147Z] >>> [apiv2][query] GET https://cloudfunctions.googleapis.com/v1/operations/YnV5b24tMWE3ZmQvdXMtY2VudHJhbDEvYXBpLzZ6a0JwSnBpZUtj [none]
[debug] [2021-10-26T04:07:59.398Z] <<< [apiv2][status] GET https://cloudfunctions.googleapis.com/v1/operations/YnV5b24tMWE3ZmQvdXMtY2VudHJhbDEvYXBpLzZ6a0JwSnBpZUtj 200
[debug] [2021-10-26T04:07:59.399Z] <<< [apiv2][body] GET https://cloudfunctions.googleapis.com/v1/operations/YnV5b24tMWE3ZmQvdXMtY2VudHJhbDEvYXBpLzZ6a0JwSnBpZUtj {"name":"operations/YnV5b24tMWE3ZmQvdXMtY2VudHJhbDEvYXBpLzZ6a0JwSnBpZUtj","metadata":{"@type":"type.googleapis.com/google.cloud.functions.v1.OperationMetadataV1","target":"projects/buyon-1a7fd/locations/us-central1/functions/api","type":"UPDATE_FUNCTION","request":{"@type":"type.googleapis.com/google.cloud.functions.v1.CloudFunction","name":"projects/buyon-1a7fd/locations/us-central1/functions/api","httpsTrigger":{},"status":"ACTIVE","entryPoint":"api","timeout":"60s","availableMemoryMb":256,"serviceAccountEmail":"buyon-1a7fd@appspot.gserviceaccount.com","updateTime":"2021-10-26T04:06:01.807Z","versionId":"1","labels":{"deployment-tool":"cli-firebase"},"sourceUploadUrl":"https://storage.googleapis.com/gcf-upload-us-central1-ce168b18-beea-4573-8550-5c3be65624dd/536d0196-b86a-4255-984f-35f29e6f8817.zip?GoogleAccessId=service-974146637433@gcf-admin-robot.iam.gserviceaccount.com&Expires=1635223079&Signature=kdSk7DXlzE%2Beyouicg0zXCF4AA%2FDKSFFWXQTSR%2BY26VfUjqAhjO46MyJqirVJecrxefxMM%2Frtb%2Bih8CDCNqSRACybdWAdEuKzU84iZXKs4WlKp90JWCTAXpgPTVLMwgtEVKaIFfc7XhH3LWmu4PlCvXGZ8TCEPZDuUK6v0Nidg6eDsDTnLivJ2%2FECYPWJr2l4vDDBRm5i5oQgQhiIQhMTtY0Pi5B4siE7jbAbUSN1IcmIOYNst7BW4lXP61VNmiZzeNLav%2BM%2FNF3VMXVFlVVV0lQRWznC1XLyOVf4Hie3vrSwmBqAn8n%2BOmuRKo734AFul4%2FZNouSzmF6ltL8WWpgw%3D%3D","environmentVariables":{"FIREBASE_CONFIG":"{\"projectId\":\"buyon-1a7fd\",\"storageBucket\":\"buyon-1a7fd.appspot.com\",\"locationId\":\"us-central\"}","GCLOUD_PROJECT":"buyon-1a7fd"},"runtime":"nodejs14","ingressSettings":"ALLOW_ALL","buildId":"6dbae70d-a048-49c9-9ee5-325c1d281f7a","buildName":"projects/974146637433/locations/us-central1/builds/6dbae70d-a048-49c9-9ee5-325c1d281f7a"},"versionId":"2","updateTime":"2021-10-26T04:08:00Z","buildName":"projects/974146637433/locations/us-central1/builds/6dbae70d-a048-49c9-9ee5-325c1d281f7a"}}
[debug] [2021-10-26T04:07:59.905Z] [update-us-central1-api] Retrying task index 0
[debug] [2021-10-26T04:07:59.905Z] >>> [apiv2][query] GET https://cloudfunctions.googleapis.com/v1/operations/YnV5b24tMWE3ZmQvdXMtY2VudHJhbDEvYXBpLzZ6a0JwSnBpZUtj [none]
[debug] [2021-10-26T04:08:00.110Z] <<< [apiv2][status] GET https://cloudfunctions.googleapis.com/v1/operations/YnV5b24tMWE3ZmQvdXMtY2VudHJhbDEvYXBpLzZ6a0JwSnBpZUtj 200
[debug] [2021-10-26T04:08:00.110Z] <<< [apiv2][body] GET https://cloudfunctions.googleapis.com/v1/operations/YnV5b24tMWE3ZmQvdXMtY2VudHJhbDEvYXBpLzZ6a0JwSnBpZUtj {"name":"operations/YnV5b24tMWE3ZmQvdXMtY2VudHJhbDEvYXBpLzZ6a0JwSnBpZUtj","metadata":{"@type":"type.googleapis.com/google.cloud.functions.v1.OperationMetadataV1","target":"projects/buyon-1a7fd/locations/us-central1/functions/api","type":"UPDATE_FUNCTION","request":{"@type":"type.googleapis.com/google.cloud.functions.v1.CloudFunction","name":"projects/buyon-1a7fd/locations/us-central1/functions/api","httpsTrigger":{},"status":"ACTIVE","entryPoint":"api","timeout":"60s","availableMemoryMb":256,"serviceAccountEmail":"buyon-1a7fd@appspot.gserviceaccount.com","updateTime":"2021-10-26T04:06:01.807Z","versionId":"1","labels":{"deployment-tool":"cli-firebase"},"sourceUploadUrl":"https://storage.googleapis.com/gcf-upload-us-central1-ce168b18-beea-4573-8550-5c3be65624dd/536d0196-b86a-4255-984f-35f29e6f8817.zip?GoogleAccessId=service-974146637433@gcf-admin-robot.iam.gserviceaccount.com&Expires=1635223079&Signature=kdSk7DXlzE%2Beyouicg0zXCF4AA%2FDKSFFWXQTSR%2BY26VfUjqAhjO46MyJqirVJecrxefxMM%2Frtb%2Bih8CDCNqSRACybdWAdEuKzU84iZXKs4WlKp90JWCTAXpgPTVLMwgtEVKaIFfc7XhH3LWmu4PlCvXGZ8TCEPZDuUK6v0Nidg6eDsDTnLivJ2%2FECYPWJr2l4vDDBRm5i5oQgQhiIQhMTtY0Pi5B4siE7jbAbUSN1IcmIOYNst7BW4lXP61VNmiZzeNLav%2BM%2FNF3VMXVFlVVV0lQRWznC1XLyOVf4Hie3vrSwmBqAn8n%2BOmuRKo734AFul4%2FZNouSzmF6ltL8WWpgw%3D%3D","environmentVariables":{"FIREBASE_CONFIG":"{\"projectId\":\"buyon-1a7fd\",\"storageBucket\":\"buyon-1a7fd.appspot.com\",\"locationId\":\"us-central\"}","GCLOUD_PROJECT":"buyon-1a7fd"},"runtime":"nodejs14","ingressSettings":"ALLOW_ALL","buildId":"6dbae70d-a048-49c9-9ee5-325c1d281f7a","buildName":"projects/974146637433/locations/us-central1/builds/6dbae70d-a048-49c9-9ee5-325c1d281f7a"},"versionId":"2","updateTime":"2021-10-26T04:08:00Z","buildId":"b4315a4a-b3a1-41d5-889e-ce79a6f4c506","buildName":"projects/974146637433/locations/us-central1/builds/b4315a4a-b3a1-41d5-889e-ce79a6f4c506"}}
